<?xml version="1.0" encoding="UTF-8"?>
<!-- Generated by org.testng.reporters.JUnitXMLReporter -->
<testsuite ignored="0" hostname="LAPTOP-2VHGMCO4" failures="0" tests="7" name="Test" time="27.038" errors="0" timestamp="2025-02-16T12:28:52 IST">
  <testcase classname="Testng.DemoTestng" name="amazon" time="4.698"/>
  <testcase classname="Testng.DemoTestng" name="facebook" time="5.387"/>
  <testcase classname="Testng.DemoTestng" name="amazon" time="6.844"/>
  <testcase classname="Testng.DemoTestng" name="facebook" time="7.15"/>
  <testcase classname="Testng.DemoTestng" name="amazon" time="5.468"/>
  <testcase classname="Testng.DemoTestng" name="amazon" time="4.498"/>
  <testcase classname="Testng.DemoTestng" name="amazon" time="5.365"/>
</testsuite> <!-- Test -->
