<?xml version="1.0" encoding="UTF-8"?>
<testng-results ignored="0" total="3" passed="3" failed="0" skipped="0">
  <reporter-output>
  </reporter-output>
  <suite started-at="2025-03-23T14:15:43 IST" name="Default suite" finished-at="2025-03-23T14:16:07 IST" duration-ms="23170">
    <groups>
      <group name="cucumber">
        <method signature="AbstractTestNGCucumberTests.runScenario(io.cucumber.testng.PickleWrapper,io.cucumber.testng.FeatureWrapper)[pri:0, instance:Executor.CucumberExecutor@3098cf3b]" name="runScenario" class="io.cucumber.testng.AbstractTestNGCucumberTests"/>
      </group> <!-- cucumber -->
    </groups>
    <test started-at="2025-03-23T14:15:43 IST" name="Default test" finished-at="2025-03-23T14:16:07 IST" duration-ms="23170">
      <class name="Executor.CucumberExecutor">
        <test-method is-config="true" signature="setUpClass(org.testng.ITestContext)[pri:0, instance:Executor.CucumberExecutor@3098cf3b]" started-at="2025-03-23T14:15:43 IST" name="setUpClass" finished-at="2025-03-23T14:15:44 IST" duration-ms="614" status="PASS">
          <params>
            <param index="0">
              <value>
                <![CDATA[org.testng.TestRunner@1d75e7af]]>
              </value>
            </param>
          </params>
          <reporter-output>
          </reporter-output>
        </test-method> <!-- setUpClass -->
        <test-method signature="runScenario(io.cucumber.testng.PickleWrapper,io.cucumber.testng.FeatureWrapper)[pri:0, instance:Executor.CucumberExecutor@3098cf3b]" started-at="2025-03-23T14:15:44 IST" name="runScenario" description="Runs Cucumber Scenarios" data-provider="scenarios" finished-at="2025-03-23T14:15:53 IST" duration-ms="8874" status="PASS">
          <params>
            <param index="0">
              <value>
                <![CDATA["Verify the search function with multiple data"]]>
              </value>
            </param>
            <param index="1">
              <value>
                <![CDATA["Search"]]>
              </value>
            </param>
          </params>
          <reporter-output>
          </reporter-output>
        </test-method> <!-- runScenario -->
        <test-method signature="runScenario(io.cucumber.testng.PickleWrapper,io.cucumber.testng.FeatureWrapper)[pri:0, instance:Executor.CucumberExecutor@3098cf3b]" started-at="2025-03-23T14:15:53 IST" name="runScenario" description="Runs Cucumber Scenarios" data-provider="scenarios" finished-at="2025-03-23T14:15:59 IST" duration-ms="5953" status="PASS">
          <params>
            <param index="0">
              <value>
                <![CDATA["Verify the search function with multiple data"]]>
              </value>
            </param>
            <param index="1">
              <value>
                <![CDATA["Search"]]>
              </value>
            </param>
          </params>
          <reporter-output>
          </reporter-output>
        </test-method> <!-- runScenario -->
        <test-method signature="runScenario(io.cucumber.testng.PickleWrapper,io.cucumber.testng.FeatureWrapper)[pri:0, instance:Executor.CucumberExecutor@3098cf3b]" started-at="2025-03-23T14:15:59 IST" name="runScenario" description="Runs Cucumber Scenarios" data-provider="scenarios" finished-at="2025-03-23T14:16:06 IST" duration-ms="7657" status="PASS">
          <params>
            <param index="0">
              <value>
                <![CDATA["Verify the search function with multiple data"]]>
              </value>
            </param>
            <param index="1">
              <value>
                <![CDATA["Search"]]>
              </value>
            </param>
          </params>
          <reporter-output>
          </reporter-output>
        </test-method> <!-- runScenario -->
        <test-method is-config="true" signature="tearDownClass()[pri:0, instance:Executor.CucumberExecutor@3098cf3b]" started-at="2025-03-23T14:16:06 IST" name="tearDownClass" finished-at="2025-03-23T14:16:07 IST" duration-ms="19" status="PASS">
          <reporter-output>
          </reporter-output>
        </test-method> <!-- tearDownClass -->
      </class> <!-- Executor.CucumberExecutor -->
    </test> <!-- Default test -->
  </suite> <!-- Default suite -->
</testng-results>
